[31mCMake Error at /opt/ros/jazzy/share/rosidl_adapter/cmake/rosidl_adapt_interfaces.cmake:57 (message):
  execute_process(/usr/bin/python3 -m rosidl_adapter --package-name
  tutorial_interfaces --arguments-file
  /home/jiujiujiur0000/workspace/vscode/turtorials/build/tutorial_interfaces/rosidl_adapter__arguments__tutorial_interfaces.json
  --output-dir
  /home/jiujiujiur0000/workspace/vscode/turtorials/build/tutorial_interfaces/rosidl_adapter/tutorial_interfaces
  --output-file
  /home/jiujiujiur0000/workspace/vscode/turtorials/build/tutorial_interfaces/rosidl_adapter/tutorial_interfaces.idls)
  returned error code 1:

  Error processing 'int64 sumros2 pkg create --build-type ament_cmake ros2
  pkg create --build-type ament_cmake ros2 pkg create --build-type
  ament_cmake' of 'tutorial_interfaces/AddThreeInts_Response': 'value 'pkg
  create --build-type ament_cmake ros2 pkg create --build-type ament_cmake
  ros2 pkg create --build-type ament_cmake' can not be converted to type
  'int64': must be a valid integer value >= -9223372036854775808 and <=
  9223372036854775807'

  Traceback (most recent call last):

    File "/opt/ros/jazzy/lib/python3.12/site-packages/rosidl_adapter/parser.py", line 753, in parse_primitive_value_string
      value = int(value_string)
              ^^^^^^^^^^^^^^^^^

  ValueError: invalid literal for int() with base 10: 'pkg create
  --build-type ament_cmake ros2 pkg create --build-type ament_cmake ros2 pkg
  create --build-type ament_cmake'



  During handling of the above exception, another exception occurred:



  Traceback (most recent call last):

    File "/opt/ros/jazzy/lib/python3.12/site-packages/rosidl_adapter/parser.py", line 756, in parse_primitive_value_string
      value = int(value_string, 0)
              ^^^^^^^^^^^^^^^^^^^^

  ValueError: invalid literal for int() with base 0: 'pkg create --build-type
  ament_cmake ros2 pkg create --build-type ament_cmake ros2 pkg create
  --build-type ament_cmake'



  During handling of the above exception, another exception occurred:



  Traceback (most recent call last):

    File "<frozen runpy>", line 198, in _run_module_as_main
    File "<frozen runpy>", line 88, in _run_code
    File "/opt/ros/jazzy/lib/python3.12/site-packages/rosidl_adapter/__main__.py", line 19, in <module>
      sys.exit(main())
               ^^^^^^
    File "/opt/ros/jazzy/lib/python3.12/site-packages/rosidl_adapter/main.py", line 53, in main
      abs_idl_file = convert_to_idl(
                     ^^^^^^^^^^^^^^^
    File "/opt/ros/jazzy/lib/python3.12/site-packages/rosidl_adapter/__init__.py", line 24, in convert_to_idl
      return convert_srv_to_idl(
             ^^^^^^^^^^^^^^^^^^^
    File "/opt/ros/jazzy/lib/python3.12/site-packages/rosidl_adapter/srv/__init__.py", line 28, in convert_srv_to_idl
      srv = parse_service_string(package_name, input_file.stem, content)
            ^^^^^^^^^^^^^^^^^^^^^^^^^^^^^^^^^^^^^^^^^^^^^^^^^^^^^^^^^^^^
    File "/opt/ros/jazzy/lib/python3.12/site-packages/rosidl_adapter/parser.py", line 864, in parse_service_string
      response_message = parse_message_string(
                         ^^^^^^^^^^^^^^^^^^^^^
    File "/opt/ros/jazzy/lib/python3.12/site-packages/rosidl_adapter/parser.py", line 520, in parse_message_string
      fields.append(Field(
                    ^^^^^^
    File "/opt/ros/jazzy/lib/python3.12/site-packages/rosidl_adapter/parser.py", line 362, in __init__
      self.default_value = parse_value_string(
                           ^^^^^^^^^^^^^^^^^^^
    File "/opt/ros/jazzy/lib/python3.12/site-packages/rosidl_adapter/parser.py", line 595, in parse_value_string
      return parse_primitive_value_string(type_, value_string)
             ^^^^^^^^^^^^^^^^^^^^^^^^^^^^^^^^^^^^^^^^^^^^^^^^^
    File "/opt/ros/jazzy/lib/python3.12/site-packages/rosidl_adapter/parser.py", line 758, in parse_primitive_value_string
      raise ex

  rosidl_adapter.parser.InvalidValue: value 'pkg create --build-type
  ament_cmake ros2 pkg create --build-type ament_cmake ros2 pkg create
  --build-type ament_cmake' can not be converted to type 'int64': must be a
  valid integer value >= -9223372036854775808 and <= 9223372036854775807

Call Stack (most recent call first):
  /opt/ros/jazzy/share/rosidl_cmake/cmake/rosidl_generate_interfaces.cmake:132 (rosidl_adapt_interfaces)
  CMakeLists.txt:14 (rosidl_generate_interfaces)

[0m
gmake: *** [Makefile:1355ï¼šcmake_check_build_system] é”™è¯¯ 1
