[0.031s] Invoking command in '/home/jiujiujiur0000/workspace/vscode/turtorials/build/tutorial_interfaces': CMAKE_PREFIX_PATH=${CMAKE_PREFIX_PATH}:/opt/ros/jazzy DEBUGINFOD_URLS=https://debuginfod.ubuntu.com /usr/bin/cmake --build /home/jiujiujiur0000/workspace/vscode/turtorials/build/tutorial_interfaces -- -j16 -l16
[0.067s] -- Found ament_cmake: 2.5.4 (/opt/ros/jazzy/share/ament_cmake/cmake)
[0.093s] -- Found Python3: /usr/bin/python3 (found version "3.12.3") found components: Interpreter 
[0.178s] -- Found geometry_msgs: 5.3.6 (/opt/ros/jazzy/share/geometry_msgs/cmake)
[0.214s] -- Found rosidl_generator_c: 4.6.6 (/opt/ros/jazzy/share/rosidl_generator_c/cmake)
[0.223s] -- Found rosidl_generator_cpp: 4.6.6 (/opt/ros/jazzy/share/rosidl_generator_cpp/cmake)
[0.236s] -- Using all available rosidl_typesupport_c: rosidl_typesupport_fastrtps_c;rosidl_typesupport_introspection_c
[0.248s] -- Using all available rosidl_typesupport_cpp: rosidl_typesupport_fastrtps_cpp;rosidl_typesupport_introspection_cpp
[0.295s] -- Found rosidl_default_generators: 1.6.0 (/opt/ros/jazzy/share/rosidl_default_generators/cmake)
[0.303s] -- Found rosidl_adapter: 4.6.6 (/opt/ros/jazzy/share/rosidl_adapter/cmake)
[0.461s] [31mCMake Error at /opt/ros/jazzy/share/rosidl_adapter/cmake/rosidl_adapt_interfaces.cmake:57 (message):
[0.461s]   execute_process(/usr/bin/python3 -m rosidl_adapter --package-name
[0.461s]   tutorial_interfaces --arguments-file
[0.461s]   /home/jiujiujiur0000/workspace/vscode/turtorials/build/tutorial_interfaces/rosidl_adapter__arguments__tutorial_interfaces.json
[0.461s]   --output-dir
[0.462s]   /home/jiujiujiur0000/workspace/vscode/turtorials/build/tutorial_interfaces/rosidl_adapter/tutorial_interfaces
[0.462s]   --output-file
[0.462s]   /home/jiujiujiur0000/workspace/vscode/turtorials/build/tutorial_interfaces/rosidl_adapter/tutorial_interfaces.idls)
[0.462s]   returned error code 1:
[0.462s] 
[0.462s]   Error processing 'int64 sumros2 pkg create --build-type ament_cmake ros2
[0.462s]   pkg create --build-type ament_cmake ros2 pkg create --build-type
[0.462s]   ament_cmake' of 'tutorial_interfaces/AddThreeInts_Response': 'value 'pkg
[0.462s]   create --build-type ament_cmake ros2 pkg create --build-type ament_cmake
[0.463s]   ros2 pkg create --build-type ament_cmake' can not be converted to type
[0.463s]   'int64': must be a valid integer value >= -9223372036854775808 and <=
[0.463s]   9223372036854775807'
[0.463s] 
[0.463s]   Traceback (most recent call last):
[0.463s] 
[0.463s]     File "/opt/ros/jazzy/lib/python3.12/site-packages/rosidl_adapter/parser.py", line 753, in parse_primitive_value_string
[0.463s]       value = int(value_string)
[0.463s]               ^^^^^^^^^^^^^^^^^
[0.463s] 
[0.464s]   ValueError: invalid literal for int() with base 10: 'pkg create
[0.464s]   --build-type ament_cmake ros2 pkg create --build-type ament_cmake ros2 pkg
[0.464s]   create --build-type ament_cmake'
[0.464s] 
[0.464s] 
[0.464s] 
[0.464s]   During handling of the above exception, another exception occurred:
[0.464s] 
[0.464s] 
[0.464s] 
[0.465s]   Traceback (most recent call last):
[0.465s] 
[0.465s]     File "/opt/ros/jazzy/lib/python3.12/site-packages/rosidl_adapter/parser.py", line 756, in parse_primitive_value_string
[0.465s]       value = int(value_string, 0)
[0.465s]               ^^^^^^^^^^^^^^^^^^^^
[0.465s] 
[0.465s]   ValueError: invalid literal for int() with base 0: 'pkg create --build-type
[0.465s]   ament_cmake ros2 pkg create --build-type ament_cmake ros2 pkg create
[0.465s]   --build-type ament_cmake'
[0.466s] 
[0.466s] 
[0.466s] 
[0.466s]   During handling of the above exception, another exception occurred:
[0.466s] 
[0.466s] 
[0.466s] 
[0.466s]   Traceback (most recent call last):
[0.466s] 
[0.466s]     File "<frozen runpy>", line 198, in _run_module_as_main
[0.467s]     File "<frozen runpy>", line 88, in _run_code
[0.467s]     File "/opt/ros/jazzy/lib/python3.12/site-packages/rosidl_adapter/__main__.py", line 19, in <module>
[0.467s]       sys.exit(main())
[0.467s]                ^^^^^^
[0.467s]     File "/opt/ros/jazzy/lib/python3.12/site-packages/rosidl_adapter/main.py", line 53, in main
[0.467s]       abs_idl_file = convert_to_idl(
[0.467s]                      ^^^^^^^^^^^^^^^
[0.467s]     File "/opt/ros/jazzy/lib/python3.12/site-packages/rosidl_adapter/__init__.py", line 24, in convert_to_idl
[0.467s]       return convert_srv_to_idl(
[0.467s]              ^^^^^^^^^^^^^^^^^^^
[0.468s]     File "/opt/ros/jazzy/lib/python3.12/site-packages/rosidl_adapter/srv/__init__.py", line 28, in convert_srv_to_idl
[0.468s]       srv = parse_service_string(package_name, input_file.stem, content)
[0.468s]             ^^^^^^^^^^^^^^^^^^^^^^^^^^^^^^^^^^^^^^^^^^^^^^^^^^^^^^^^^^^^
[0.468s]     File "/opt/ros/jazzy/lib/python3.12/site-packages/rosidl_adapter/parser.py", line 864, in parse_service_string
[0.468s]       response_message = parse_message_string(
[0.468s]                          ^^^^^^^^^^^^^^^^^^^^^
[0.468s]     File "/opt/ros/jazzy/lib/python3.12/site-packages/rosidl_adapter/parser.py", line 520, in parse_message_string
[0.468s]       fields.append(Field(
[0.469s]                     ^^^^^^
[0.469s]     File "/opt/ros/jazzy/lib/python3.12/site-packages/rosidl_adapter/parser.py", line 362, in __init__
[0.469s]       self.default_value = parse_value_string(
[0.469s]                            ^^^^^^^^^^^^^^^^^^^
[0.469s]     File "/opt/ros/jazzy/lib/python3.12/site-packages/rosidl_adapter/parser.py", line 595, in parse_value_string
[0.469s]       return parse_primitive_value_string(type_, value_string)
[0.469s]              ^^^^^^^^^^^^^^^^^^^^^^^^^^^^^^^^^^^^^^^^^^^^^^^^^
[0.470s]     File "/opt/ros/jazzy/lib/python3.12/site-packages/rosidl_adapter/parser.py", line 758, in parse_primitive_value_string
[0.470s]       raise ex
[0.470s] 
[0.470s]   rosidl_adapter.parser.InvalidValue: value 'pkg create --build-type
[0.470s]   ament_cmake ros2 pkg create --build-type ament_cmake ros2 pkg create
[0.470s]   --build-type ament_cmake' can not be converted to type 'int64': must be a
[0.471s]   valid integer value >= -9223372036854775808 and <= 9223372036854775807
[0.471s] 
[0.471s] Call Stack (most recent call first):
[0.471s]   /opt/ros/jazzy/share/rosidl_cmake/cmake/rosidl_generate_interfaces.cmake:132 (rosidl_adapt_interfaces)
[0.471s]   CMakeLists.txt:14 (rosidl_generate_interfaces)
[0.471s] 
[0.471s] [0m
[0.471s] -- Configuring incomplete, errors occurred!
[0.471s] gmake: *** [Makefile:1355ï¼šcmake_check_build_system] é”™è¯¯ 1
[0.472s] Invoked command in '/home/jiujiujiur0000/workspace/vscode/turtorials/build/tutorial_interfaces' returned '2': CMAKE_PREFIX_PATH=${CMAKE_PREFIX_PATH}:/opt/ros/jazzy DEBUGINFOD_URLS=https://debuginfod.ubuntu.com /usr/bin/cmake --build /home/jiujiujiur0000/workspace/vscode/turtorials/build/tutorial_interfaces -- -j16 -l16
