[0.011s] Invoking command in '/home/jiujiujiur0000/workspace/vscode/turtorials/build/tutorial_interfaces': CMAKE_PREFIX_PATH=${CMAKE_PREFIX_PATH}:/opt/ros/jazzy DEBUGINFOD_URLS=https://debuginfod.ubuntu.com /usr/bin/cmake --build /home/jiujiujiur0000/workspace/vscode/turtorials/build/tutorial_interfaces -- -j16 -l16
[0.038s] -- Found ament_cmake: 2.5.4 (/opt/ros/jazzy/share/ament_cmake/cmake)
[0.130s] -- Found geometry_msgs: 5.3.6 (/opt/ros/jazzy/share/geometry_msgs/cmake)
[0.154s] -- Found rosidl_generator_c: 4.6.6 (/opt/ros/jazzy/share/rosidl_generator_c/cmake)
[0.161s] -- Found rosidl_generator_cpp: 4.6.6 (/opt/ros/jazzy/share/rosidl_generator_cpp/cmake)
[0.170s] -- Using all available rosidl_typesupport_c: rosidl_typesupport_fastrtps_c;rosidl_typesupport_introspection_c
[0.182s] -- Using all available rosidl_typesupport_cpp: rosidl_typesupport_fastrtps_cpp;rosidl_typesupport_introspection_cpp
[0.215s] -- Found rosidl_default_generators: 1.6.0 (/opt/ros/jazzy/share/rosidl_default_generators/cmake)
[0.222s] -- Found rosidl_adapter: 4.6.6 (/opt/ros/jazzy/share/rosidl_adapter/cmake)
[0.357s] [31mCMake Error at /opt/ros/jazzy/share/rosidl_adapter/cmake/rosidl_adapt_interfaces.cmake:57 (message):
[0.357s]   execute_process(/usr/bin/python3 -m rosidl_adapter --package-name
[0.357s]   tutorial_interfaces --arguments-file
[0.357s]   /home/jiujiujiur0000/workspace/vscode/turtorials/build/tutorial_interfaces/rosidl_adapter__arguments__tutorial_interfaces.json
[0.357s]   --output-dir
[0.357s]   /home/jiujiujiur0000/workspace/vscode/turtorials/build/tutorial_interfaces/rosidl_adapter/tutorial_interfaces
[0.358s]   --output-file
[0.358s]   /home/jiujiujiur0000/workspace/vscode/turtorials/build/tutorial_interfaces/rosidl_adapter/tutorial_interfaces.idls)
[0.358s]   returned error code 1:
[0.358s] 
[0.358s]   Error processing 'int64 sumros2 pkg create --build-type ament_cmake ros2
[0.358s]   pkg create --build-type ament_cmake ros2 pkg create --build-type
[0.358s]   ament_cmake' of 'tutorial_interfaces/AddThreeInts_Response': 'value 'pkg
[0.358s]   create --build-type ament_cmake ros2 pkg create --build-type ament_cmake
[0.358s]   ros2 pkg create --build-type ament_cmake' can not be converted to type
[0.358s]   'int64': must be a valid integer value >= -9223372036854775808 and <=
[0.358s]   9223372036854775807'
[0.358s] 
[0.358s]   Traceback (most recent call last):
[0.359s] 
[0.359s]     File "/opt/ros/jazzy/lib/python3.12/site-packages/rosidl_adapter/parser.py", line 753, in parse_primitive_value_string
[0.359s]       value = int(value_string)
[0.359s]               ^^^^^^^^^^^^^^^^^
[0.359s] 
[0.359s]   ValueError: invalid literal for int() with base 10: 'pkg create
[0.359s]   --build-type ament_cmake ros2 pkg create --build-type ament_cmake ros2 pkg
[0.359s]   create --build-type ament_cmake'
[0.359s] 
[0.359s] 
[0.359s] 
[0.359s]   During handling of the above exception, another exception occurred:
[0.359s] 
[0.359s] 
[0.360s] 
[0.360s]   Traceback (most recent call last):
[0.360s] 
[0.360s]     File "/opt/ros/jazzy/lib/python3.12/site-packages/rosidl_adapter/parser.py", line 756, in parse_primitive_value_string
[0.360s]       value = int(value_string, 0)
[0.360s]               ^^^^^^^^^^^^^^^^^^^^
[0.360s] 
[0.360s]   ValueError: invalid literal for int() with base 0: 'pkg create --build-type
[0.360s]   ament_cmake ros2 pkg create --build-type ament_cmake ros2 pkg create
[0.360s]   --build-type ament_cmake'
[0.360s] 
[0.360s] 
[0.360s] 
[0.361s]   During handling of the above exception, another exception occurred:
[0.361s] 
[0.361s] 
[0.361s] 
[0.361s]   Traceback (most recent call last):
[0.361s] 
[0.361s]     File "<frozen runpy>", line 198, in _run_module_as_main
[0.361s]     File "<frozen runpy>", line 88, in _run_code
[0.361s]     File "/opt/ros/jazzy/lib/python3.12/site-packages/rosidl_adapter/__main__.py", line 19, in <module>
[0.361s]       sys.exit(main())
[0.361s]                ^^^^^^
[0.361s]     File "/opt/ros/jazzy/lib/python3.12/site-packages/rosidl_adapter/main.py", line 53, in main
[0.361s]       abs_idl_file = convert_to_idl(
[0.362s]                      ^^^^^^^^^^^^^^^
[0.362s]     File "/opt/ros/jazzy/lib/python3.12/site-packages/rosidl_adapter/__init__.py", line 24, in convert_to_idl
[0.362s]       return convert_srv_to_idl(
[0.362s]              ^^^^^^^^^^^^^^^^^^^
[0.362s]     File "/opt/ros/jazzy/lib/python3.12/site-packages/rosidl_adapter/srv/__init__.py", line 28, in convert_srv_to_idl
[0.362s]       srv = parse_service_string(package_name, input_file.stem, content)
[0.362s]             ^^^^^^^^^^^^^^^^^^^^^^^^^^^^^^^^^^^^^^^^^^^^^^^^^^^^^^^^^^^^
[0.362s]     File "/opt/ros/jazzy/lib/python3.12/site-packages/rosidl_adapter/parser.py", line 864, in parse_service_string
[0.362s]       response_message = parse_message_string(
[0.362s]                          ^^^^^^^^^^^^^^^^^^^^^
[0.362s]     File "/opt/ros/jazzy/lib/python3.12/site-packages/rosidl_adapter/parser.py", line 520, in parse_message_string
[0.362s]       fields.append(Field(
[0.362s]                     ^^^^^^
[0.363s]     File "/opt/ros/jazzy/lib/python3.12/site-packages/rosidl_adapter/parser.py", line 362, in __init__
[0.363s]       self.default_value = parse_value_string(
[0.363s]                            ^^^^^^^^^^^^^^^^^^^
[0.363s]     File "/opt/ros/jazzy/lib/python3.12/site-packages/rosidl_adapter/parser.py", line 595, in parse_value_string
[0.363s]       return parse_primitive_value_string(type_, value_string)
[0.363s]              ^^^^^^^^^^^^^^^^^^^^^^^^^^^^^^^^^^^^^^^^^^^^^^^^^
[0.363s]     File "/opt/ros/jazzy/lib/python3.12/site-packages/rosidl_adapter/parser.py", line 758, in parse_primitive_value_string
[0.363s]       raise ex
[0.363s] 
[0.363s]   rosidl_adapter.parser.InvalidValue: value 'pkg create --build-type
[0.363s]   ament_cmake ros2 pkg create --build-type ament_cmake ros2 pkg create
[0.363s]   --build-type ament_cmake' can not be converted to type 'int64': must be a
[0.363s]   valid integer value >= -9223372036854775808 and <= 9223372036854775807
[0.364s] 
[0.364s] Call Stack (most recent call first):
[0.364s]   /opt/ros/jazzy/share/rosidl_cmake/cmake/rosidl_generate_interfaces.cmake:132 (rosidl_adapt_interfaces)
[0.364s]   CMakeLists.txt:14 (rosidl_generate_interfaces)
[0.364s] 
[0.364s] [0m
[0.364s] -- Configuring incomplete, errors occurred!
[0.364s] gmake: *** [Makefile:1355ï¼šcmake_check_build_system] é”™è¯¯ 1
[0.366s] Invoked command in '/home/jiujiujiur0000/workspace/vscode/turtorials/build/tutorial_interfaces' returned '2': CMAKE_PREFIX_PATH=${CMAKE_PREFIX_PATH}:/opt/ros/jazzy DEBUGINFOD_URLS=https://debuginfod.ubuntu.com /usr/bin/cmake --build /home/jiujiujiur0000/workspace/vscode/turtorials/build/tutorial_interfaces -- -j16 -l16
