[0.000000] (-) TimerEvent: {}
[0.000631] (-) JobUnselected: {'identifier': 'cpp_parameters'}
[0.000680] (-) JobUnselected: {'identifier': 'cpp_pubsub'}
[0.000705] (-) JobUnselected: {'identifier': 'cpp_srvcli'}
[0.000730] (-) JobUnselected: {'identifier': 'custom_action_cpp'}
[0.000750] (-) JobUnselected: {'identifier': 'custom_action_interfaces'}
[0.000773] (-) JobUnselected: {'identifier': 'learning_tf2_cpp'}
[0.000795] (-) JobUnselected: {'identifier': 'more_interfaces'}
[0.000823] (-) JobUnselected: {'identifier': 'polygon_base'}
[0.000846] (-) JobUnselected: {'identifier': 'polygon_plugins'}
[0.000869] (tutorial_interfaces) JobQueued: {'identifier': 'tutorial_interfaces', 'dependencies': OrderedDict()}
[0.000896] (tutorial_interfaces) JobStarted: {'identifier': 'tutorial_interfaces'}
[0.009080] (tutorial_interfaces) JobProgress: {'identifier': 'tutorial_interfaces', 'progress': 'cmake'}
[0.010241] (tutorial_interfaces) JobProgress: {'identifier': 'tutorial_interfaces', 'progress': 'build'}
[0.010276] (tutorial_interfaces) Command: {'cmd': ['/usr/bin/cmake', '--build', '/home/jiujiujiur0000/workspace/vscode/turtorials/build/tutorial_interfaces', '--', '-j16', '-l16'], 'cwd': '/home/jiujiujiur0000/workspace/vscode/turtorials/build/tutorial_interfaces', 'env': OrderedDict({'GJS_DEBUG_TOPICS': 'JS ERROR;JS LOG', 'PYTHON_BASIC_REPL': '1', 'LANGUAGE': 'zh_CN', 'USER': 'jiujiujiur0000', 'no_proxy': 'localhost,127.0.0.1,192.168.0.0/16,10.0.0.0/8', 'GZ_CONFIG_PATH': '/opt/ros/jazzy/opt/gz_sim_vendor/share/gz:/opt/ros/jazzy/opt/sdformat_vendor/share/gz:/opt/ros/jazzy/opt/gz_gui_vendor/share/gz:/opt/ros/jazzy/opt/gz_transport_vendor/share/gz:/opt/ros/jazzy/opt/gz_rendering_vendor/share/gz:/opt/ros/jazzy/opt/gz_plugin_vendor/share/gz:/opt/ros/jazzy/opt/gz_fuel_tools_vendor/share/gz:/opt/ros/jazzy/opt/gz_msgs_vendor/share/gz:/opt/ros/jazzy/opt/gz_common_vendor/share/gz', 'XDG_SESSION_TYPE': 'x11', 'GIT_ASKPASS': '/usr/share/code/resources/app/extensions/git/dist/askpass.sh', 'SHLVL': '1', 'CLUTTER_DISABLE_MIPMAPPED_TEXT': '1', 'LD_LIBRARY_PATH': '/home/jiujiujiur0000/workspace/vscode/turtorials/install/tutorial_interfaces/lib:/home/jiujiujiur0000/workspace/vscode/turtorials/install/more_interfaces/lib:/home/jiujiujiur0000/workspace/vscode/ros2_control_demos/install/lib:/opt/ros/jazzy/opt/gz_sim_vendor/lib:/opt/ros/jazzy/opt/gz_sensors_vendor/lib:/opt/ros/jazzy/opt/gz_physics_vendor/lib:/opt/ros/jazzy/opt/sdformat_vendor/lib:/opt/ros/jazzy/opt/rviz_ogre_vendor/lib:/opt/ros/jazzy/lib/x86_64-linux-gnu:/opt/ros/jazzy/opt/gz_gui_vendor/lib:/opt/ros/jazzy/opt/gz_transport_vendor/lib:/opt/ros/jazzy/opt/gz_rendering_vendor/lib:/opt/ros/jazzy/opt/gz_plugin_vendor/lib:/opt/ros/jazzy/opt/gz_fuel_tools_vendor/lib:/opt/ros/jazzy/opt/gz_msgs_vendor/lib:/opt/ros/jazzy/opt/gz_common_vendor/lib:/opt/ros/jazzy/opt/gz_math_vendor/lib:/opt/ros/jazzy/opt/gz_utils_vendor/lib:/opt/ros/jazzy/opt/gz_tools_vendor/lib:/opt/ros/jazzy/opt/gz_ogre_next_vendor/lib:/opt/ros/jazzy/opt/gz_dartsim_vendor/lib:/opt/ros/jazzy/opt/gz_cmake_vendor/lib:/opt/ros/jazzy/lib', 'HOME': '/home/jiujiujiur0000', 'CHROME_DESKTOP': 'code.desktop', 'OLDPWD': '/home/jiujiujiur0000/workspace/vscode/turtorials', 'DESKTOP_SESSION': 'ubuntu', 'TERM_PROGRAM_VERSION': '1.106.0', 'GIO_LAUNCHED_DESKTOP_FILE': '/usr/share/applications/code.desktop', 'GTK_MODULES': 'gail:atk-bridge', 'GNOME_SHELL_SESSION_MODE': 'ubuntu', 'ROS_PYTHON_VERSION': '3', 'VSCODE_GIT_ASKPASS_MAIN': '/usr/share/code/resources/app/extensions/git/dist/askpass-main.js', 'MANAGERPID': '2544', 'VSCODE_GIT_ASKPASS_NODE': '/usr/share/code/code', 'DBUS_SESSION_BUS_ADDRESS': 'unix:path=/run/user/1000/bus', 'GSM_SKIP_SSH_AGENT_WORKAROUND': 'true', 'SYSTEMD_EXEC_PID': '2879', 'PYDEVD_DISABLE_FILE_VALIDATION': '1', 'BUNDLED_DEBUGPY_PATH': '/home/jiujiujiur0000/.vscode/extensions/ms-python.debugpy-2025.14.1-linux-x64/bundled/libs/debugpy', 'VSCODE_PYTHON_AUTOACTIVATE_GUARD': '1', 'GIO_LAUNCHED_DESKTOP_FILE_PID': '4885', 'COLORTERM': 'truecolor', 'DEBUGINFOD_URLS': 'https://debuginfod.ubuntu.com', 'https_proxy': 'http://127.0.0.1:7890', 'ROS_DISTRO': 'jazzy', 'COLCON_PREFIX_PATH': '/home/jiujiujiur0000/workspace/vscode/turtorials/install:/home/jiujiujiur0000/workspace/vscode/ros2_control_demos/install', 'LOGNAME': 'jiujiujiur0000', 'JOURNAL_STREAM': '9:23525', 'http_proxy': 'http://127.0.0.1:7890', '_': '/usr/bin/colcon', 'XDG_SESSION_CLASS': 'user', 'MEMORY_PRESSURE_WATCH': '/sys/fs/cgroup/user.slice/user-1000.slice/user@1000.service/session.slice/org.gnome.Shell@x11.service/memory.pressure', 'ROS_VERSION': '2', 'USER_ZDOTDIR': '/home/jiujiujiur0000', 'USERNAME': 'jiujiujiur0000', 'TERM': 'xterm-256color', 'GNOME_DESKTOP_SESSION_ID': 'this-is-deprecated', 'WINDOWPATH': '2', 'PATH': '/home/jiujiujiur0000/.config/Code/User/globalStorage/github.copilot-chat/debugCommand:/home/jiujiujiur0000/.config/Code/User/globalStorage/github.copilot-chat/copilotCli:/opt/ros/jazzy/opt/gz_msgs_vendor/bin:/opt/ros/jazzy/opt/gz_tools_vendor/bin:/opt/ros/jazzy/opt/gz_ogre_next_vendor/bin:/opt/ros/jazzy/bin:/usr/local/sbin:/usr/local/bin:/usr/sbin:/usr/bin:/sbin:/bin:/usr/games:/usr/local/games:/snap/bin:/snap/bin:/home/jiujiujiur0000/.vscode/extensions/ms-python.debugpy-2025.14.1-linux-x64/bundled/scripts/noConfigScripts', 'GTK3_MODULES': 'xapp-gtk3-module', 'SESSION_MANAGER': 'local/ubuntu:@/tmp/.ICE-unix/2854,unix/ubuntu:/tmp/.ICE-unix/2854', 'INVOCATION_ID': 'a26b263acbb844b390961a5167ff84ed', 'XDG_RUNTIME_DIR': '/run/user/1000', 'XDG_MENU_PREFIX': 'gnome-', 'GDK_BACKEND': 'x11', 'DISPLAY': ':1', 'LANG': 'zh_CN.UTF-8', 'XDG_CURRENT_DESKTOP': 'Unity', 'VSCODE_DEBUGPY_ADAPTER_ENDPOINTS': '/home/jiujiujiur0000/.vscode/extensions/ms-python.debugpy-2025.14.1-linux-x64/.noConfigDebugAdapterEndpoints/endpoint-83d0a483b55fe162.txt', 'PYTHONSTARTUP': '/home/jiujiujiur0000/.config/Code/User/workspaceStorage/54509aca8296c958e7ae8735c1b7684b/ms-python.python/pythonrc.py', 'VSCODE_INJECTION': '1', 'XAUTHORITY': '/run/user/1000/gdm/Xauthority', 'XDG_SESSION_DESKTOP': 'ubuntu', 'XMODIFIERS': '@im=ibus', 'LS_COLORS': 'rs=0:di=01;34:ln=01;36:mh=00:pi=40;33:so=01;35:do=01;35:bd=40;33;01:cd=40;33;01:or=40;31;01:mi=00:su=37;41:sg=30;43:ca=00:tw=30;42:ow=34;42:st=37;44:ex=01;32:*.tar=01;31:*.tgz=01;31:*.arc=01;31:*.arj=01;31:*.taz=01;31:*.lha=01;31:*.lz4=01;31:*.lzh=01;31:*.lzma=01;31:*.tlz=01;31:*.txz=01;31:*.tzo=01;31:*.t7z=01;31:*.zip=01;31:*.z=01;31:*.dz=01;31:*.gz=01;31:*.lrz=01;31:*.lz=01;31:*.lzo=01;31:*.xz=01;31:*.zst=01;31:*.tzst=01;31:*.bz2=01;31:*.bz=01;31:*.tbz=01;31:*.tbz2=01;31:*.tz=01;31:*.deb=01;31:*.rpm=01;31:*.jar=01;31:*.war=01;31:*.ear=01;31:*.sar=01;31:*.rar=01;31:*.alz=01;31:*.ace=01;31:*.zoo=01;31:*.cpio=01;31:*.7z=01;31:*.rz=01;31:*.cab=01;31:*.wim=01;31:*.swm=01;31:*.dwm=01;31:*.esd=01;31:*.avif=01;35:*.jpg=01;35:*.jpeg=01;35:*.mjpg=01;35:*.mjpeg=01;35:*.gif=01;35:*.bmp=01;35:*.pbm=01;35:*.pgm=01;35:*.ppm=01;35:*.tga=01;35:*.xbm=01;35:*.xpm=01;35:*.tif=01;35:*.tiff=01;35:*.png=01;35:*.svg=01;35:*.svgz=01;35:*.mng=01;35:*.pcx=01;35:*.mov=01;35:*.mpg=01;35:*.mpeg=01;35:*.m2v=01;35:*.mkv=01;35:*.webm=01;35:*.webp=01;35:*.ogm=01;35:*.mp4=01;35:*.m4v=01;35:*.mp4v=01;35:*.vob=01;35:*.qt=01;35:*.nuv=01;35:*.wmv=01;35:*.asf=01;35:*.rm=01;35:*.rmvb=01;35:*.flc=01;35:*.avi=01;35:*.fli=01;35:*.flv=01;35:*.gl=01;35:*.dl=01;35:*.xcf=01;35:*.xwd=01;35:*.yuv=01;35:*.cgm=01;35:*.emf=01;35:*.ogv=01;35:*.ogx=01;35:*.aac=00;36:*.au=00;36:*.flac=00;36:*.m4a=00;36:*.mid=00;36:*.midi=00;36:*.mka=00;36:*.mp3=00;36:*.mpc=00;36:*.ogg=00;36:*.ra=00;36:*.wav=00;36:*.oga=00;36:*.opus=00;36:*.spx=00;36:*.xspf=00;36:*~=00;90:*#=00;90:*.bak=00;90:*.crdownload=00;90:*.dpkg-dist=00;90:*.dpkg-new=00;90:*.dpkg-old=00;90:*.dpkg-tmp=00;90:*.old=00;90:*.orig=00;90:*.part=00;90:*.rej=00;90:*.rpmnew=00;90:*.rpmorig=00;90:*.rpmsave=00;90:*.swp=00;90:*.tmp=00;90:*.ucf-dist=00;90:*.ucf-new=00;90:*.ucf-old=00;90:', 'TERM_PROGRAM': 'vscode', 'VSCODE_GIT_IPC_HANDLE': '/run/user/1000/vscode-git-9c0445ad7d.sock', 'SSH_AUTH_SOCK': '/run/user/1000/keyring/ssh', 'ORIGINAL_XDG_CURRENT_DESKTOP': 'ubuntu:GNOME', 'AMENT_PREFIX_PATH': '/home/jiujiujiur0000/workspace/vscode/turtorials/install/cpp_srvcli:/home/jiujiujiur0000/workspace/vscode/turtorials/install/cpp_pubsub:/home/jiujiujiur0000/workspace/vscode/turtorials/install/tutorial_interfaces:/home/jiujiujiur0000/workspace/vscode/turtorials/install/more_interfaces:/home/jiujiujiur0000/workspace/vscode/turtorials/install/learning_tf2_cpp:/home/jiujiujiur0000/workspace/vscode/ros2_control_demos/install:/opt/ros/jazzy', 'SHELL': '/usr/bin/zsh', 'QT_ACCESSIBILITY': '1', 'GDMSESSION': 'ubuntu', 'GPG_AGENT_INFO': '/run/user/1000/gnupg/S.gpg-agent:0:1', 'GJS_DEBUG_OUTPUT': 'stderr', 'QT_IM_MODULE': 'ibus', 'ROS_AUTOMATIC_DISCOVERY_RANGE': 'SUBNET', 'VSCODE_GIT_ASKPASS_EXTRA_ARGS': '', 'PWD': '/home/jiujiujiur0000/workspace/vscode/turtorials/build/tutorial_interfaces', 'XDG_DATA_DIRS': '/usr/share/ubuntu:/usr/share/gnome:/usr/local/share/:/usr/share/:/var/lib/snapd/desktop', 'XDG_CONFIG_DIRS': '/etc/xdg/xdg-ubuntu:/etc/xdg', 'ZDOTDIR': '/home/jiujiujiur0000', 'QTWEBENGINE_DICTIONARIES_PATH': '/usr/share/hunspell-bdic/', 'PYTHONPATH': '/home/jiujiujiur0000/workspace/vscode/turtorials/install/tutorial_interfaces/lib/python3.12/site-packages:/home/jiujiujiur0000/workspace/vscode/turtorials/install/more_interfaces/lib/python3.12/site-packages:/opt/ros/jazzy/lib/python3.12/site-packages', 'COLCON': '1', 'MEMORY_PRESSURE_WRITE': 'c29tZSAyMDAwMDAgMjAwMDAwMAA=', 'CMAKE_PREFIX_PATH': '/home/jiujiujiur0000/workspace/vscode/turtorials/install/cpp_srvcli:/home/jiujiujiur0000/workspace/vscode/turtorials/install/cpp_pubsub:/home/jiujiujiur0000/workspace/vscode/turtorials/install/tutorial_interfaces:/home/jiujiujiur0000/workspace/vscode/turtorials/install/more_interfaces:/home/jiujiujiur0000/workspace/vscode/turtorials/install/learning_tf2_cpp:/home/jiujiujiur0000/workspace/vscode/ros2_control_demos/install:/opt/ros/jazzy/opt/gz_sim_vendor:/opt/ros/jazzy/opt/gz_sensors_vendor:/opt/ros/jazzy/opt/gz_physics_vendor:/opt/ros/jazzy/opt/sdformat_vendor:/opt/ros/jazzy/opt/gz_gui_vendor:/opt/ros/jazzy/opt/gz_transport_vendor:/opt/ros/jazzy/opt/gz_rendering_vendor:/opt/ros/jazzy/opt/gz_plugin_vendor:/opt/ros/jazzy/opt/gz_fuel_tools_vendor:/opt/ros/jazzy/opt/gz_msgs_vendor:/opt/ros/jazzy/opt/gz_common_vendor:/opt/ros/jazzy/opt/gz_math_vendor:/opt/ros/jazzy/opt/gz_utils_vendor:/opt/ros/jazzy/opt/gz_tools_vendor:/opt/ros/jazzy/opt/gz_ogre_next_vendor:/opt/ros/jazzy/opt/gz_dartsim_vendor:/opt/ros/jazzy/opt/gz_cmake_vendor:/opt/ros/jazzy'}), 'shell': False}
[0.038522] (tutorial_interfaces) StdoutLine: {'line': b'-- Found ament_cmake: 2.5.4 (/opt/ros/jazzy/share/ament_cmake/cmake)\n'}
[0.099772] (-) TimerEvent: {}
[0.130686] (tutorial_interfaces) StdoutLine: {'line': b'-- Found geometry_msgs: 5.3.6 (/opt/ros/jazzy/share/geometry_msgs/cmake)\n'}
[0.154479] (tutorial_interfaces) StdoutLine: {'line': b'-- Found rosidl_generator_c: 4.6.6 (/opt/ros/jazzy/share/rosidl_generator_c/cmake)\n'}
[0.161958] (tutorial_interfaces) StdoutLine: {'line': b'-- Found rosidl_generator_cpp: 4.6.6 (/opt/ros/jazzy/share/rosidl_generator_cpp/cmake)\n'}
[0.171282] (tutorial_interfaces) StdoutLine: {'line': b'-- Using all available rosidl_typesupport_c: rosidl_typesupport_fastrtps_c;rosidl_typesupport_introspection_c\n'}
[0.182462] (tutorial_interfaces) StdoutLine: {'line': b'-- Using all available rosidl_typesupport_cpp: rosidl_typesupport_fastrtps_cpp;rosidl_typesupport_introspection_cpp\n'}
[0.199877] (-) TimerEvent: {}
[0.216143] (tutorial_interfaces) StdoutLine: {'line': b'-- Found rosidl_default_generators: 1.6.0 (/opt/ros/jazzy/share/rosidl_default_generators/cmake)\n'}
[0.222759] (tutorial_interfaces) StdoutLine: {'line': b'-- Found rosidl_adapter: 4.6.6 (/opt/ros/jazzy/share/rosidl_adapter/cmake)\n'}
[0.300003] (-) TimerEvent: {}
[0.357736] (tutorial_interfaces) StderrLine: {'line': b'\x1b[31mCMake Error at /opt/ros/jazzy/share/rosidl_adapter/cmake/rosidl_adapt_interfaces.cmake:57 (message):\n'}
[0.357983] (tutorial_interfaces) StderrLine: {'line': b'  execute_process(/usr/bin/python3 -m rosidl_adapter --package-name\n'}
[0.358085] (tutorial_interfaces) StderrLine: {'line': b'  tutorial_interfaces --arguments-file\n'}
[0.358177] (tutorial_interfaces) StderrLine: {'line': b'  /home/jiujiujiur0000/workspace/vscode/turtorials/build/tutorial_interfaces/rosidl_adapter__arguments__tutorial_interfaces.json\n'}
[0.358260] (tutorial_interfaces) StderrLine: {'line': b'  --output-dir\n'}
[0.358338] (tutorial_interfaces) StderrLine: {'line': b'  /home/jiujiujiur0000/workspace/vscode/turtorials/build/tutorial_interfaces/rosidl_adapter/tutorial_interfaces\n'}
[0.358414] (tutorial_interfaces) StderrLine: {'line': b'  --output-file\n'}
[0.358486] (tutorial_interfaces) StderrLine: {'line': b'  /home/jiujiujiur0000/workspace/vscode/turtorials/build/tutorial_interfaces/rosidl_adapter/tutorial_interfaces.idls)\n'}
[0.358563] (tutorial_interfaces) StderrLine: {'line': b'  returned error code 1:\n'}
[0.358638] (tutorial_interfaces) StderrLine: {'line': b'\n'}
[0.358710] (tutorial_interfaces) StderrLine: {'line': b"  Error processing 'int64 sumros2 pkg create --build-type ament_cmake ros2\n"}
[0.358785] (tutorial_interfaces) StderrLine: {'line': b'  pkg create --build-type ament_cmake ros2 pkg create --build-type\n'}
[0.358859] (tutorial_interfaces) StderrLine: {'line': b"  ament_cmake' of 'tutorial_interfaces/AddThreeInts_Response': 'value 'pkg\n"}
[0.358929] (tutorial_interfaces) StderrLine: {'line': b'  create --build-type ament_cmake ros2 pkg create --build-type ament_cmake\n'}
[0.359002] (tutorial_interfaces) StderrLine: {'line': b"  ros2 pkg create --build-type ament_cmake' can not be converted to type\n"}
[0.359072] (tutorial_interfaces) StderrLine: {'line': b"  'int64': must be a valid integer value >= -9223372036854775808 and <=\n"}
[0.359158] (tutorial_interfaces) StderrLine: {'line': b"  9223372036854775807'\n"}
[0.359230] (tutorial_interfaces) StderrLine: {'line': b'\n'}
[0.359312] (tutorial_interfaces) StderrLine: {'line': b'  Traceback (most recent call last):\n'}
[0.359386] (tutorial_interfaces) StderrLine: {'line': b'\n'}
[0.359456] (tutorial_interfaces) StderrLine: {'line': b'    File "/opt/ros/jazzy/lib/python3.12/site-packages/rosidl_adapter/parser.py", line 753, in parse_primitive_value_string\n'}
[0.359530] (tutorial_interfaces) StderrLine: {'line': b'      value = int(value_string)\n'}
[0.359597] (tutorial_interfaces) StderrLine: {'line': b'              ^^^^^^^^^^^^^^^^^\n'}
[0.359692] (tutorial_interfaces) StderrLine: {'line': b'\n'}
[0.359762] (tutorial_interfaces) StderrLine: {'line': b"  ValueError: invalid literal for int() with base 10: 'pkg create\n"}
[0.359831] (tutorial_interfaces) StderrLine: {'line': b'  --build-type ament_cmake ros2 pkg create --build-type ament_cmake ros2 pkg\n'}
[0.359902] (tutorial_interfaces) StderrLine: {'line': b"  create --build-type ament_cmake'\n"}
[0.359971] (tutorial_interfaces) StderrLine: {'line': b'\n'}
[0.360040] (tutorial_interfaces) StderrLine: {'line': b'\n'}
[0.360127] (tutorial_interfaces) StderrLine: {'line': b'\n'}
[0.360205] (tutorial_interfaces) StderrLine: {'line': b'  During handling of the above exception, another exception occurred:\n'}
[0.360274] (tutorial_interfaces) StderrLine: {'line': b'\n'}
[0.360349] (tutorial_interfaces) StderrLine: {'line': b'\n'}
[0.360419] (tutorial_interfaces) StderrLine: {'line': b'\n'}
[0.360491] (tutorial_interfaces) StderrLine: {'line': b'  Traceback (most recent call last):\n'}
[0.360562] (tutorial_interfaces) StderrLine: {'line': b'\n'}
[0.360632] (tutorial_interfaces) StderrLine: {'line': b'    File "/opt/ros/jazzy/lib/python3.12/site-packages/rosidl_adapter/parser.py", line 756, in parse_primitive_value_string\n'}
[0.360706] (tutorial_interfaces) StderrLine: {'line': b'      value = int(value_string, 0)\n'}
[0.360779] (tutorial_interfaces) StderrLine: {'line': b'              ^^^^^^^^^^^^^^^^^^^^\n'}
[0.360851] (tutorial_interfaces) StderrLine: {'line': b'\n'}
[0.360919] (tutorial_interfaces) StderrLine: {'line': b"  ValueError: invalid literal for int() with base 0: 'pkg create --build-type\n"}
[0.360993] (tutorial_interfaces) StderrLine: {'line': b'  ament_cmake ros2 pkg create --build-type ament_cmake ros2 pkg create\n'}
[0.361063] (tutorial_interfaces) StderrLine: {'line': b"  --build-type ament_cmake'\n"}
[0.361157] (tutorial_interfaces) StderrLine: {'line': b'\n'}
[0.361229] (tutorial_interfaces) StderrLine: {'line': b'\n'}
[0.361316] (tutorial_interfaces) StderrLine: {'line': b'\n'}
[0.361390] (tutorial_interfaces) StderrLine: {'line': b'  During handling of the above exception, another exception occurred:\n'}
[0.361459] (tutorial_interfaces) StderrLine: {'line': b'\n'}
[0.361528] (tutorial_interfaces) StderrLine: {'line': b'\n'}
[0.361615] (tutorial_interfaces) StderrLine: {'line': b'\n'}
[0.361694] (tutorial_interfaces) StderrLine: {'line': b'  Traceback (most recent call last):\n'}
[0.361764] (tutorial_interfaces) StderrLine: {'line': b'\n'}
[0.361834] (tutorial_interfaces) StderrLine: {'line': b'    File "<frozen runpy>", line 198, in _run_module_as_main\n'}
[0.361903] (tutorial_interfaces) StderrLine: {'line': b'    File "<frozen runpy>", line 88, in _run_code\n'}
[0.361973] (tutorial_interfaces) StderrLine: {'line': b'    File "/opt/ros/jazzy/lib/python3.12/site-packages/rosidl_adapter/__main__.py", line 19, in <module>\n'}
[0.362043] (tutorial_interfaces) StderrLine: {'line': b'      sys.exit(main())\n'}
[0.362120] (tutorial_interfaces) StderrLine: {'line': b'               ^^^^^^\n'}
[0.362201] (tutorial_interfaces) StderrLine: {'line': b'    File "/opt/ros/jazzy/lib/python3.12/site-packages/rosidl_adapter/main.py", line 53, in main\n'}
[0.362279] (tutorial_interfaces) StderrLine: {'line': b'      abs_idl_file = convert_to_idl(\n'}
[0.362361] (tutorial_interfaces) StderrLine: {'line': b'                     ^^^^^^^^^^^^^^^\n'}
[0.362432] (tutorial_interfaces) StderrLine: {'line': b'    File "/opt/ros/jazzy/lib/python3.12/site-packages/rosidl_adapter/__init__.py", line 24, in convert_to_idl\n'}
[0.362506] (tutorial_interfaces) StderrLine: {'line': b'      return convert_srv_to_idl(\n'}
[0.362578] (tutorial_interfaces) StderrLine: {'line': b'             ^^^^^^^^^^^^^^^^^^^\n'}
[0.362648] (tutorial_interfaces) StderrLine: {'line': b'    File "/opt/ros/jazzy/lib/python3.12/site-packages/rosidl_adapter/srv/__init__.py", line 28, in convert_srv_to_idl\n'}
[0.362719] (tutorial_interfaces) StderrLine: {'line': b'      srv = parse_service_string(package_name, input_file.stem, content)\n'}
[0.362790] (tutorial_interfaces) StderrLine: {'line': b'            ^^^^^^^^^^^^^^^^^^^^^^^^^^^^^^^^^^^^^^^^^^^^^^^^^^^^^^^^^^^^\n'}
[0.362863] (tutorial_interfaces) StderrLine: {'line': b'    File "/opt/ros/jazzy/lib/python3.12/site-packages/rosidl_adapter/parser.py", line 864, in parse_service_string\n'}
[0.362933] (tutorial_interfaces) StderrLine: {'line': b'      response_message = parse_message_string(\n'}
[0.363007] (tutorial_interfaces) StderrLine: {'line': b'                         ^^^^^^^^^^^^^^^^^^^^^\n'}
[0.363074] (tutorial_interfaces) StderrLine: {'line': b'    File "/opt/ros/jazzy/lib/python3.12/site-packages/rosidl_adapter/parser.py", line 520, in parse_message_string\n'}
[0.363172] (tutorial_interfaces) StderrLine: {'line': b'      fields.append(Field(\n'}
[0.363288] (tutorial_interfaces) StderrLine: {'line': b'                    ^^^^^^\n'}
[0.363369] (tutorial_interfaces) StderrLine: {'line': b'    File "/opt/ros/jazzy/lib/python3.12/site-packages/rosidl_adapter/parser.py", line 362, in __init__\n'}
[0.363454] (tutorial_interfaces) StderrLine: {'line': b'      self.default_value = parse_value_string(\n'}
[0.363530] (tutorial_interfaces) StderrLine: {'line': b'                           ^^^^^^^^^^^^^^^^^^^\n'}
[0.363602] (tutorial_interfaces) StderrLine: {'line': b'    File "/opt/ros/jazzy/lib/python3.12/site-packages/rosidl_adapter/parser.py", line 595, in parse_value_string\n'}
[0.363676] (tutorial_interfaces) StderrLine: {'line': b'      return parse_primitive_value_string(type_, value_string)\n'}
[0.363750] (tutorial_interfaces) StderrLine: {'line': b'             ^^^^^^^^^^^^^^^^^^^^^^^^^^^^^^^^^^^^^^^^^^^^^^^^^\n'}
[0.363825] (tutorial_interfaces) StderrLine: {'line': b'    File "/opt/ros/jazzy/lib/python3.12/site-packages/rosidl_adapter/parser.py", line 758, in parse_primitive_value_string\n'}
[0.363902] (tutorial_interfaces) StderrLine: {'line': b'      raise ex\n'}
[0.363972] (tutorial_interfaces) StderrLine: {'line': b'\n'}
[0.364047] (tutorial_interfaces) StderrLine: {'line': b"  rosidl_adapter.parser.InvalidValue: value 'pkg create --build-type\n"}
[0.364130] (tutorial_interfaces) StderrLine: {'line': b'  ament_cmake ros2 pkg create --build-type ament_cmake ros2 pkg create\n'}
[0.364207] (tutorial_interfaces) StderrLine: {'line': b"  --build-type ament_cmake' can not be converted to type 'int64': must be a\n"}
[0.364283] (tutorial_interfaces) StderrLine: {'line': b'  valid integer value >= -9223372036854775808 and <= 9223372036854775807\n'}
[0.364362] (tutorial_interfaces) StderrLine: {'line': b'\n'}
[0.364439] (tutorial_interfaces) StderrLine: {'line': b'Call Stack (most recent call first):\n'}
[0.364512] (tutorial_interfaces) StderrLine: {'line': b'  /opt/ros/jazzy/share/rosidl_cmake/cmake/rosidl_generate_interfaces.cmake:132 (rosidl_adapt_interfaces)\n'}
[0.364584] (tutorial_interfaces) StderrLine: {'line': b'  CMakeLists.txt:14 (rosidl_generate_interfaces)\n'}
[0.364655] (tutorial_interfaces) StderrLine: {'line': b'\n'}
[0.364727] (tutorial_interfaces) StderrLine: {'line': b'\x1b[0m\n'}
[0.364800] (tutorial_interfaces) StdoutLine: {'line': b'-- Configuring incomplete, errors occurred!\n'}
[0.364961] (tutorial_interfaces) StderrLine: {'line': b'gmake: *** [Makefile:1355\xef\xbc\x9acmake_check_build_system] \xe9\x94\x99\xe8\xaf\xaf 1\n'}
[0.366299] (tutorial_interfaces) CommandEnded: {'returncode': 2}
[0.377490] (tutorial_interfaces) JobEnded: {'identifier': 'tutorial_interfaces', 'rc': 2}
[0.387897] (-) EventReactorShutdown: {}
